<?xml version="1.0" encoding="UTF-8"?>
<coverage generated="1743251444846" clover="3.2.0">
  <project timestamp="1743251444846" name="All files">
    <metrics statements="12" coveredstatements="12" conditionals="2" coveredconditionals="1" methods="4" coveredmethods="4" elements="18" coveredelements="17" complexity="0" loc="12" ncloc="12" packages="1" files="1" classes="1"/>
    <file name="app.js" path="C:\backend-curso\desafios\011-task-api\app.js">
      <metrics statements="12" coveredstatements="12" conditionals="2" coveredconditionals="1" methods="4" coveredmethods="4"/>
      <line num="2" count="1" type="stmt"/>
      <line num="4" count="1" type="stmt"/>
      <line num="5" count="1" type="stmt"/>
      <line num="7" count="1" type="stmt"/>
      <line num="12" count="1" type="stmt"/>
      <line num="13" count="1" type="stmt"/>
      <line num="16" count="1" type="stmt"/>
      <line num="17" count="1" type="stmt"/>
      <line num="18" count="1" type="cond" truecount="1" falsecount="1"/>
      <line num="19" count="1" type="stmt"/>
      <line num="25" count="1" type="stmt"/>
      <line num="26" count="1" type="stmt"/>
    </file>
  </project>
</coverage>
